**** The Simulator log: stage 2
0.0,OOP_Ex0_Elevator_Simulator
0.0,Simulated Building, ex0.simulator.Builging_A [-2,10]
0) ex0.simulator.Elevator_A, Elev_0, speed: 1.0, open/close: 2.0,  start/stop: 3.0
1) ex0.simulator.Elevator_A, Elev_1, speed: 1.0, open/close: 2.0,  start/stop: 3.0
0.0,Simulated Period starTime,0.0,  endTime,1000.0,  dt,1.0
0.0,Simulated  calls,Elevetor log, size: 100
0.0,**** Simulation starts!! ****
5.0,Elevator call,4.374727290393253,0,-1,1,0, got allocated to elevator, 0
5.0, elevID,0,  pos,-2,  cmd, goto,0
17.0,Elevator call,16.957882888088932,-1,0,1,1, got allocated to elevator, 1
17.0,Elev,0,  arrived at src, 0, Elevator call,4.374727290393253,0,-1,2,0
17.0, elevID,0,  pos,0,  cmd, goto,-1
17.0, elevID,1,  pos,-2,  cmd, goto,-1
23.0,Elevator call,22.094056301593582,0,-1,1,0, got allocated to elevator, 0
28.0,Elev,0,  arrived at dest, -1, this call is done!, Elevator call,4.374727290393253,0,-1,3,0, Done, dt, 23.625272709606747
28.0, elevID,0,  pos,-1,  cmd, goto,0
28.0,Elev,1,  arrived at src, -1, Elevator call,16.957882888088932,-1,0,2,1
28.0, elevID,1,  pos,-1,  cmd, goto,0
39.0,Elev,0,  arrived at src, 0, Elevator call,22.094056301593582,0,-1,2,0
39.0, elevID,0,  pos,0,  cmd, goto,-1
39.0,Elev,1,  arrived at dest, 0, this call is done!, Elevator call,16.957882888088932,-1,0,3,1, Done, dt, 22.042117111911068
50.0,Elev,0,  arrived at dest, -1, this call is done!, Elevator call,22.094056301593582,0,-1,3,0, Done, dt, 27.905943698406418
86.0,Elevator call,85.5209666204754,3,2,1,1, got allocated to elevator, 1
86.0, elevID,1,  pos,0,  cmd, goto,3
92.0,Elevator call,91.21019413453945,-1,-2,1,0, got allocated to elevator, 0
92.0,Elev,0,  arrived at src, -1, Elevator call,91.21019413453945,-1,-2,2,0
92.0, elevID,0,  pos,-1,  cmd, goto,-1
93.0, elevID,0,  pos,-1,  cmd, goto,-2
99.0,Elev,1,  arrived at src, 3, Elevator call,85.5209666204754,3,2,2,1
99.0, elevID,1,  pos,3,  cmd, goto,2
104.0,Elev,0,  arrived at dest, -2, this call is done!, Elevator call,91.21019413453945,-1,-2,3,0, Done, dt, 12.78980586546055
105.0,Elevator call,104.13701241869234,0,4,1,0, got allocated to elevator, 0
105.0, elevID,0,  pos,-2,  cmd, goto,0
110.0,Elevator call,109.21352909346587,-1,0,1,0, got allocated to elevator, 0
110.0,Elev,1,  arrived at dest, 2, this call is done!, Elevator call,85.5209666204754,3,2,3,1, Done, dt, 24.479033379524594
115.0,Elevator call,114.39235096774041,3,0,1,1, got allocated to elevator, 1
115.0, elevID,1,  pos,2,  cmd, goto,3
117.0,Elev,0,  arrived at src, 0, Elevator call,104.13701241869234,0,4,2,0
117.0, elevID,0,  pos,0,  cmd, goto,-1
125.0,Elevator call,124.42557095980362,0,9,1,0, got allocated to elevator, 0
126.0,Elev,1,  arrived at src, 3, Elevator call,114.39235096774041,3,0,2,1
126.0, elevID,1,  pos,3,  cmd, goto,0
128.0,Elev,0,  arrived at src, -1, Elevator call,109.21352909346587,-1,0,2,0
128.0, elevID,0,  pos,-1,  cmd, goto,0
131.0,Elevator call,130.02495678190564,8,10,1,1, got allocated to elevator, 1
131.0,Elevator call,130.224911275492,-1,1,1,0, got allocated to elevator, 0
138.0,Elevator call,137.9515274326701,0,4,1,0, got allocated to elevator, 0
139.0,Elev,0,  arrived at dest, 0, this call is done!, Elevator call,109.21352909346587,-1,0,3,0, Done, dt, 29.786470906534134
139.0,Elev,0,  arrived at src, 0, Elevator call,124.42557095980362,0,9,2,0
139.0,Elev,0,  arrived at src, 0, Elevator call,137.9515274326701,0,4,2,0
139.0, elevID,0,  pos,0,  cmd, goto,0
139.0,Elev,1,  arrived at dest, 0, this call is done!, Elevator call,114.39235096774041,3,0,3,1, Done, dt, 24.607649032259587
139.0, elevID,1,  pos,0,  cmd, goto,8
140.0, elevID,0,  pos,0,  cmd, goto,-1
144.0,Elevator call,143.91335838799415,0,6,1,0, got allocated to elevator, 0
151.0,Elev,0,  arrived at src, -1, Elevator call,130.224911275492,-1,1,2,0
151.0, elevID,0,  pos,-1,  cmd, goto,0
157.0,Elev,1,  arrived at src, 8, Elevator call,130.02495678190564,8,10,2,1
157.0, elevID,1,  pos,8,  cmd, goto,10
162.0,Elev,0,  arrived at src, 0, Elevator call,143.91335838799415,0,6,2,0
162.0, elevID,0,  pos,0,  cmd, goto,4
169.0,Elev,1,  arrived at dest, 10, this call is done!, Elevator call,130.02495678190564,8,10,3,1, Done, dt, 38.975043218094356
170.0,Elevator call,169.78458339380109,-1,0,1,1, got allocated to elevator, 1
170.0, elevID,1,  pos,10,  cmd, goto,-1
171.0,Elevator call,170.0099620835246,0,6,1,0, got allocated to elevator, 0
172.0,Elevator call,171.21173315221364,-1,8,1,0, got allocated to elevator, 0
175.0,Elevator call,174.84385152106802,0,-1,1,0, got allocated to elevator, 0
176.0,Elev,0,  arrived at dest, 4, this call is done!, Elevator call,104.13701241869234,0,4,3,0, Done, dt, 71.86298758130766
176.0,Elev,0,  arrived at dest, 4, this call is done!, Elevator call,137.9515274326701,0,4,3,0, Done, dt, 38.048472567329895
176.0, elevID,0,  pos,4,  cmd, goto,0
188.0,Elevator call,187.11678617348463,-1,-2,1,1, got allocated to elevator, 1
188.0,Elevator call,187.7299317966884,-1,-2,1,1, got allocated to elevator, 1
190.0,Elev,0,  arrived at src, 0, Elevator call,170.0099620835246,0,6,2,0
190.0,Elev,0,  arrived at src, 0, Elevator call,174.84385152106802,0,-1,2,0
190.0, elevID,0,  pos,0,  cmd, goto,-1
191.0,Elev,1,  arrived at src, -1, Elevator call,169.78458339380109,-1,0,2,1
191.0,Elev,1,  arrived at src, -1, Elevator call,187.11678617348463,-1,-2,2,1
191.0,Elev,1,  arrived at src, -1, Elevator call,187.7299317966884,-1,-2,2,1
191.0, elevID,1,  pos,-1,  cmd, goto,-2
196.0,Elevator call,195.90869649656992,0,7,1,0, got allocated to elevator, 0
198.0,Elevator call,197.5359191292572,-1,1,1,0, got allocated to elevator, 0
201.0,Elev,0,  arrived at src, -1, Elevator call,171.21173315221364,-1,8,2,0
201.0,Elev,0,  arrived at dest, -1, this call is done!, Elevator call,174.84385152106802,0,-1,3,0, Done, dt, 26.156148478931982
201.0,Elev,0,  arrived at src, -1, Elevator call,197.5359191292572,-1,1,2,0
201.0, elevID,0,  pos,-1,  cmd, goto,-1
202.0, elevID,0,  pos,-1,  cmd, goto,0
202.0,Elev,1,  arrived at dest, -2, this call is done!, Elevator call,187.11678617348463,-1,-2,3,1, Done, dt, 14.883213826515373
202.0,Elev,1,  arrived at dest, -2, this call is done!, Elevator call,187.7299317966884,-1,-2,3,1, Done, dt, 14.27006820331161
202.0, elevID,1,  pos,-2,  cmd, goto,-1
206.0,Elevator call,205.9895199338651,-1,0,1,0, got allocated to elevator, 0
213.0,Elev,0,  arrived at src, 0, Elevator call,195.90869649656992,0,7,2,0
213.0, elevID,0,  pos,0,  cmd, goto,-1
213.0, elevID,1,  pos,-1,  cmd, goto,-1
214.0, elevID,1,  pos,-1,  cmd, goto,0
224.0,Elev,0,  arrived at src, -1, Elevator call,205.9895199338651,-1,0,2,0
224.0, elevID,0,  pos,-1,  cmd, goto,0
225.0,Elev,1,  arrived at dest, 0, this call is done!, Elevator call,169.78458339380109,-1,0,3,1, Done, dt, 55.215416606198914
225.0, elevID,1,  pos,0,  cmd, goto,-2
228.0,Elevator call,227.0798304557929,-1,5,1,0, got allocated to elevator, 0
232.0,Elevator call,231.51578817426258,-1,0,1,0, got allocated to elevator, 0
233.0,Elevator call,232.95043623946805,0,-1,1,0, got allocated to elevator, 0
235.0,Elev,0,  arrived at dest, 0, this call is done!, Elevator call,205.9895199338651,-1,0,3,0, Done, dt, 29.010480066134903
235.0,Elev,0,  arrived at src, 0, Elevator call,232.95043623946805,0,-1,2,0
235.0, elevID,0,  pos,0,  cmd, goto,0
236.0, elevID,0,  pos,0,  cmd, goto,-1
247.0,Elev,0,  arrived at src, -1, Elevator call,227.0798304557929,-1,5,2,0
247.0,Elev,0,  arrived at src, -1, Elevator call,231.51578817426258,-1,0,2,0
247.0,Elev,0,  arrived at dest, -1, this call is done!, Elevator call,232.95043623946805,0,-1,3,0, Done, dt, 14.049563760531953
247.0, elevID,0,  pos,-1,  cmd, goto,-1
248.0, elevID,0,  pos,-1,  cmd, goto,0
252.0,Elevator call,251.10444690749756,-1,-2,1,1, got allocated to elevator, 1
252.0,Elevator call,251.23593354161653,0,9,1,1, got allocated to elevator, 1
252.0, elevID,1,  pos,-2,  cmd, goto,0
255.0,Elevator call,254.69771525200505,3,4,1,0, got allocated to elevator, 0
258.0,Elevator call,257.7974435335086,-1,0,1,1, got allocated to elevator, 1
259.0,Elev,0,  arrived at dest, 0, this call is done!, Elevator call,231.51578817426258,-1,0,3,0, Done, dt, 27.484211825737418
259.0, elevID,0,  pos,0,  cmd, goto,3
264.0,Elev,1,  arrived at src, 0, Elevator call,251.23593354161653,0,9,2,1
264.0, elevID,1,  pos,0,  cmd, goto,-1
272.0,Elev,0,  arrived at src, 3, Elevator call,254.69771525200505,3,4,2,0
272.0, elevID,0,  pos,3,  cmd, goto,9
275.0,Elev,1,  arrived at src, -1, Elevator call,251.10444690749756,-1,-2,2,1
275.0,Elev,1,  arrived at src, -1, Elevator call,257.7974435335086,-1,0,2,1
275.0, elevID,1,  pos,-1,  cmd, goto,-1
276.0, elevID,1,  pos,-1,  cmd, goto,-2
287.0,Elev,1,  arrived at dest, -2, this call is done!, Elevator call,251.10444690749756,-1,-2,3,1, Done, dt, 35.89555309250244
287.0, elevID,1,  pos,-2,  cmd, goto,9
288.0,Elev,0,  arrived at dest, 9, this call is done!, Elevator call,124.42557095980362,0,9,3,0, Done, dt, 163.57442904019638
288.0, elevID,0,  pos,9,  cmd, goto,1
296.0,Elevator call,295.7943356681491,0,1,1,1, got allocated to elevator, 1
305.0,Elevator call,304.99843880775313,6,0,1,1, got allocated to elevator, 1
306.0,Elev,0,  arrived at dest, 1, this call is done!, Elevator call,130.224911275492,-1,1,3,0, Done, dt, 175.775088724508
306.0,Elev,0,  arrived at dest, 1, this call is done!, Elevator call,197.5359191292572,-1,1,3,0, Done, dt, 108.4640808707428
306.0, elevID,0,  pos,1,  cmd, goto,4
308.0,Elev,1,  arrived at dest, 9, this call is done!, Elevator call,251.23593354161653,0,9,3,1, Done, dt, 56.76406645838347
308.0, elevID,1,  pos,9,  cmd, goto,6
310.0,Elevator call,309.30053828560517,0,-1,1,0, got allocated to elevator, 0
313.0,Elevator call,312.30185564398687,0,-1,1,0, got allocated to elevator, 0
317.0,Elevator call,316.03237827404377,0,-1,1,0, got allocated to elevator, 0
319.0,Elev,0,  arrived at dest, 4, this call is done!, Elevator call,254.69771525200505,3,4,3,0, Done, dt, 64.30228474799495
319.0, elevID,0,  pos,4,  cmd, goto,0
320.0,Elevator call,319.90520204415634,6,5,1,1, got allocated to elevator, 1
321.0,Elevator call,320.97607492210807,-1,0,1,0, got allocated to elevator, 0
321.0,Elev,1,  arrived at src, 6, Elevator call,304.99843880775313,6,0,2,1
321.0,Elev,1,  arrived at src, 6, Elevator call,319.90520204415634,6,5,2,1
321.0, elevID,1,  pos,6,  cmd, goto,6
322.0,Elevator call,321.37040904796595,7,-1,1,1, got allocated to elevator, 1
322.0, elevID,1,  pos,6,  cmd, goto,0
333.0,Elevator call,332.4267319393355,0,10,1,0, got allocated to elevator, 0
333.0,Elev,0,  arrived at src, 0, Elevator call,309.30053828560517,0,-1,2,0
333.0,Elev,0,  arrived at src, 0, Elevator call,312.30185564398687,0,-1,2,0
333.0,Elev,0,  arrived at src, 0, Elevator call,316.03237827404377,0,-1,2,0
333.0,Elev,0,  arrived at src, 0, Elevator call,332.4267319393355,0,10,2,0
333.0, elevID,0,  pos,0,  cmd, goto,0
334.0, elevID,0,  pos,0,  cmd, goto,-1
337.0,Elevator call,336.93043046159545,-1,0,1,0, got allocated to elevator, 0
338.0,Elev,1,  arrived at dest, 0, this call is done!, Elevator call,257.7974435335086,-1,0,3,1, Done, dt, 80.20255646649139
338.0,Elev,1,  arrived at src, 0, Elevator call,295.7943356681491,0,1,2,1
338.0,Elev,1,  arrived at dest, 0, this call is done!, Elevator call,304.99843880775313,6,0,3,1, Done, dt, 33.00156119224687
338.0, elevID,1,  pos,0,  cmd, goto,0
339.0, elevID,1,  pos,0,  cmd, goto,0
340.0, elevID,1,  pos,0,  cmd, goto,1
345.0,Elev,0,  arrived at dest, -1, this call is done!, Elevator call,309.30053828560517,0,-1,3,0, Done, dt, 35.69946171439483
345.0,Elev,0,  arrived at dest, -1, this call is done!, Elevator call,312.30185564398687,0,-1,3,0, Done, dt, 32.69814435601313
345.0,Elev,0,  arrived at dest, -1, this call is done!, Elevator call,316.03237827404377,0,-1,3,0, Done, dt, 28.967621725956235
345.0,Elev,0,  arrived at src, -1, Elevator call,320.97607492210807,-1,0,2,0
345.0,Elev,0,  arrived at src, -1, Elevator call,336.93043046159545,-1,0,2,0
345.0, elevID,0,  pos,-1,  cmd, goto,-1
346.0, elevID,0,  pos,-1,  cmd, goto,0
351.0,Elev,1,  arrived at dest, 1, this call is done!, Elevator call,295.7943356681491,0,1,3,1, Done, dt, 55.205664331850926
351.0, elevID,1,  pos,1,  cmd, goto,5
357.0,Elev,0,  arrived at dest, 0, this call is done!, Elevator call,320.97607492210807,-1,0,3,0, Done, dt, 36.02392507789193
357.0,Elev,0,  arrived at dest, 0, this call is done!, Elevator call,336.93043046159545,-1,0,3,0, Done, dt, 20.06956953840455
357.0, elevID,0,  pos,0,  cmd, goto,0
358.0, elevID,0,  pos,0,  cmd, goto,6
365.0,Elev,1,  arrived at dest, 5, this call is done!, Elevator call,319.90520204415634,6,5,3,1, Done, dt, 45.09479795584366
365.0, elevID,1,  pos,5,  cmd, goto,7
374.0,Elev,0,  arrived at dest, 6, this call is done!, Elevator call,143.91335838799415,0,6,3,0, Done, dt, 230.08664161200585
374.0,Elev,0,  arrived at dest, 6, this call is done!, Elevator call,170.0099620835246,0,6,3,0, Done, dt, 203.9900379164754
374.0, elevID,0,  pos,6,  cmd, goto,6
375.0, elevID,0,  pos,6,  cmd, goto,8
376.0,Elevator call,375.49048095381363,1,0,1,0, got allocated to elevator, 0
377.0,Elev,1,  arrived at src, 7, Elevator call,321.37040904796595,7,-1,2,1
377.0, elevID,1,  pos,7,  cmd, goto,-1
387.0,Elev,0,  arrived at dest, 8, this call is done!, Elevator call,171.21173315221364,-1,8,3,0, Done, dt, 215.78826684778636
387.0, elevID,0,  pos,8,  cmd, goto,1
393.0,Elevator call,392.5160764870397,0,5,1,1, got allocated to elevator, 1
395.0,Elev,1,  arrived at dest, -1, this call is done!, Elevator call,321.37040904796595,7,-1,3,1, Done, dt, 73.62959095203405
395.0, elevID,1,  pos,-1,  cmd, goto,0
404.0,Elev,0,  arrived at src, 1, Elevator call,375.49048095381363,1,0,2,0
404.0, elevID,0,  pos,1,  cmd, goto,-1
406.0,Elevator call,405.1821140884023,-1,10,1,1, got allocated to elevator, 1
406.0,Elev,1,  arrived at src, 0, Elevator call,392.5160764870397,0,5,2,1
406.0, elevID,1,  pos,0,  cmd, goto,-1
416.0, elevID,0,  pos,-1,  cmd, goto,7
417.0,Elev,1,  arrived at src, -1, Elevator call,405.1821140884023,-1,10,2,1
417.0, elevID,1,  pos,-1,  cmd, goto,5
427.0,Elevator call,426.8615805478589,2,0,1,1, got allocated to elevator, 1
433.0,Elev,1,  arrived at dest, 5, this call is done!, Elevator call,392.5160764870397,0,5,3,1, Done, dt, 40.4839235129603
433.0, elevID,1,  pos,5,  cmd, goto,2
434.0,Elev,0,  arrived at dest, 7, this call is done!, Elevator call,195.90869649656992,0,7,3,0, Done, dt, 238.09130350343008
434.0, elevID,0,  pos,7,  cmd, goto,1
438.0,Elevator call,437.17111576125836,1,0,1,0, got allocated to elevator, 0
446.0,Elev,1,  arrived at src, 2, Elevator call,426.8615805478589,2,0,2,1
446.0, elevID,1,  pos,2,  cmd, goto,10
450.0,Elev,0,  arrived at src, 1, Elevator call,437.17111576125836,1,0,2,0
450.0, elevID,0,  pos,1,  cmd, goto,-1
462.0, elevID,0,  pos,-1,  cmd, goto,-1
463.0, elevID,0,  pos,-1,  cmd, goto,-1
464.0, elevID,0,  pos,-1,  cmd, goto,-1
464.0,Elev,1,  arrived at dest, 10, this call is done!, Elevator call,405.1821140884023,-1,10,3,1, Done, dt, 58.81788591159773
464.0, elevID,1,  pos,10,  cmd, goto,0
465.0, elevID,0,  pos,-1,  cmd, goto,0
473.0,Elevator call,472.7445473930129,10,-1,1,1, got allocated to elevator, 1
476.0,Elev,0,  arrived at dest, 0, this call is done!, Elevator call,375.49048095381363,1,0,3,0, Done, dt, 100.50951904618637
476.0,Elev,0,  arrived at dest, 0, this call is done!, Elevator call,437.17111576125836,1,0,3,0, Done, dt, 38.82888423874164
476.0, elevID,0,  pos,0,  cmd, goto,0
477.0, elevID,0,  pos,0,  cmd, goto,0
478.0, elevID,0,  pos,0,  cmd, goto,0
479.0, elevID,0,  pos,0,  cmd, goto,0
480.0, elevID,0,  pos,0,  cmd, goto,1
484.0,Elev,1,  arrived at dest, 0, this call is done!, Elevator call,426.8615805478589,2,0,3,1, Done, dt, 57.13841945214108
484.0, elevID,1,  pos,0,  cmd, goto,10
491.0, elevID,0,  pos,1,  cmd, goto,4
501.0,Elevator call,500.3712044996745,8,-1,1,1, got allocated to elevator, 1
504.0,Elevator call,503.13847841893045,1,-1,1,0, got allocated to elevator, 0
504.0, elevID,0,  pos,4,  cmd, goto,1
504.0,Elev,1,  arrived at src, 10, Elevator call,472.7445473930129,10,-1,2,1
504.0, elevID,1,  pos,10,  cmd, goto,8
505.0,Elevator call,504.4317942159655,0,-1,1,0, got allocated to elevator, 0
516.0,Elev,1,  arrived at src, 8, Elevator call,500.3712044996745,8,-1,2,1
516.0, elevID,1,  pos,8,  cmd, goto,-1
517.0,Elev,0,  arrived at src, 1, Elevator call,503.13847841893045,1,-1,2,0
517.0, elevID,0,  pos,1,  cmd, goto,-1
529.0,Elev,0,  arrived at dest, -1, this call is done!, Elevator call,503.13847841893045,1,-1,3,0, Done, dt, 25.861521581069553
529.0, elevID,0,  pos,-1,  cmd, goto,0
530.0,Elevator call,529.6277472128405,3,-1,1,0, got allocated to elevator, 0
535.0,Elev,1,  arrived at dest, -1, this call is done!, Elevator call,472.7445473930129,10,-1,3,1, Done, dt, 62.25545260698709
535.0,Elev,1,  arrived at dest, -1, this call is done!, Elevator call,500.3712044996745,8,-1,3,1, Done, dt, 34.62879550032551
535.0, elevID,1,  pos,-1,  cmd, goto,-1
538.0,Elevator call,537.7866883694313,-1,6,1,1, got allocated to elevator, 1
538.0,Elev,1,  arrived at src, -1, Elevator call,537.7866883694313,-1,6,2,1
538.0, elevID,1,  pos,-1,  cmd, goto,-1
539.0, elevID,1,  pos,-1,  cmd, goto,6
540.0,Elev,0,  arrived at src, 0, Elevator call,504.4317942159655,0,-1,2,0
540.0, elevID,0,  pos,0,  cmd, goto,3
545.0,Elevator call,544.7880392034898,6,-1,1,0, got allocated to elevator, 0
553.0,Elev,0,  arrived at src, 3, Elevator call,529.6277472128405,3,-1,2,0
553.0, elevID,0,  pos,3,  cmd, goto,6
555.0,Elevator call,554.0892922920482,4,0,1,0, got allocated to elevator, 0
556.0,Elev,1,  arrived at dest, 6, this call is done!, Elevator call,537.7866883694313,-1,6,3,1, Done, dt, 18.213311630568683
558.0,Elevator call,557.2441390036331,10,0,1,1, got allocated to elevator, 1
558.0, elevID,1,  pos,6,  cmd, goto,10
566.0,Elevator call,565.0195521745534,0,-1,1,0, got allocated to elevator, 0
566.0,Elev,0,  arrived at src, 6, Elevator call,544.7880392034898,6,-1,2,0
566.0, elevID,0,  pos,6,  cmd, goto,0
572.0,Elev,1,  arrived at src, 10, Elevator call,557.2441390036331,10,0,2,1
572.0, elevID,1,  pos,10,  cmd, goto,0
582.0,Elevator call,581.8703090238192,0,3,1,0, got allocated to elevator, 0
582.0,Elev,0,  arrived at src, 0, Elevator call,565.0195521745534,0,-1,2,0
582.0,Elev,0,  arrived at src, 0, Elevator call,581.8703090238192,0,3,2,0
582.0, elevID,0,  pos,0,  cmd, goto,0
583.0, elevID,0,  pos,0,  cmd, goto,4
592.0,Elev,1,  arrived at dest, 0, this call is done!, Elevator call,557.2441390036331,10,0,3,1, Done, dt, 34.75586099636689
597.0,Elevator call,596.1232022872633,8,0,1,1, got allocated to elevator, 1
597.0,Elev,0,  arrived at src, 4, Elevator call,554.0892922920482,4,0,2,0
597.0, elevID,0,  pos,4,  cmd, goto,0
597.0, elevID,1,  pos,0,  cmd, goto,8
601.0,Elevator call,600.9312879686208,1,0,1,1, got allocated to elevator, 1
604.0,Elevator call,603.9342326983083,7,0,1,0, got allocated to elevator, 0
611.0,Elev,0,  arrived at dest, 0, this call is done!, Elevator call,554.0892922920482,4,0,3,0, Done, dt, 56.910707707951815
611.0, elevID,0,  pos,0,  cmd, goto,7
615.0,Elev,1,  arrived at src, 8, Elevator call,596.1232022872633,8,0,2,1
615.0, elevID,1,  pos,8,  cmd, goto,1
618.0,Elevator call,617.9628338542149,0,3,1,0, got allocated to elevator, 0
620.0,Elevator call,619.6454196970012,9,0,1,1, got allocated to elevator, 1
627.0,Elevator call,626.2116172047942,0,1,1,1, got allocated to elevator, 1
628.0,Elev,0,  arrived at src, 7, Elevator call,603.9342326983083,7,0,2,0
628.0, elevID,0,  pos,7,  cmd, goto,0
632.0,Elev,1,  arrived at src, 1, Elevator call,600.9312879686208,1,0,2,1
632.0, elevID,1,  pos,1,  cmd, goto,0
643.0,Elev,1,  arrived at dest, 0, this call is done!, Elevator call,596.1232022872633,8,0,3,1, Done, dt, 46.876797712736675
643.0,Elev,1,  arrived at dest, 0, this call is done!, Elevator call,600.9312879686208,1,0,3,1, Done, dt, 42.068712031379164
643.0,Elev,1,  arrived at src, 0, Elevator call,626.2116172047942,0,1,2,1
643.0, elevID,1,  pos,0,  cmd, goto,9
644.0,Elevator call,643.8547514955396,-1,2,1,0, got allocated to elevator, 0
645.0,Elev,0,  arrived at dest, 0, this call is done!, Elevator call,603.9342326983083,7,0,3,0, Done, dt, 41.06576730169172
645.0,Elev,0,  arrived at src, 0, Elevator call,617.9628338542149,0,3,2,0
645.0, elevID,0,  pos,0,  cmd, goto,-1
656.0,Elev,0,  arrived at dest, -1, this call is done!, Elevator call,504.4317942159655,0,-1,3,0, Done, dt, 151.5682057840345
656.0,Elev,0,  arrived at dest, -1, this call is done!, Elevator call,529.6277472128405,3,-1,3,0, Done, dt, 126.37225278715948
656.0,Elev,0,  arrived at dest, -1, this call is done!, Elevator call,544.7880392034898,6,-1,3,0, Done, dt, 111.2119607965102
656.0,Elev,0,  arrived at dest, -1, this call is done!, Elevator call,565.0195521745534,0,-1,3,0, Done, dt, 90.98044782544662
656.0,Elev,0,  arrived at src, -1, Elevator call,643.8547514955396,-1,2,2,0
656.0, elevID,0,  pos,-1,  cmd, goto,5
661.0,Elevator call,660.0732907797126,6,10,1,1, got allocated to elevator, 1
662.0,Elevator call,661.0420820268716,-1,3,1,0, got allocated to elevator, 0
662.0,Elev,1,  arrived at src, 9, Elevator call,619.6454196970012,9,0,2,1
662.0, elevID,1,  pos,9,  cmd, goto,6
663.0,Elevator call,662.1730527520776,-1,5,1,0, got allocated to elevator, 0
666.0,Elevator call,665.1155548533167,-1,8,1,0, got allocated to elevator, 0
667.0,Elevator call,666.0340294605869,4,0,1,0, got allocated to elevator, 0
667.0,Elevator call,666.2411586665262,5,-1,1,0, got allocated to elevator, 0
672.0,Elev,0,  arrived at dest, 5, this call is done!, Elevator call,227.0798304557929,-1,5,3,0, Done, dt, 444.9201695442071
672.0,Elev,0,  arrived at src, 5, Elevator call,666.2411586665262,5,-1,2,0
672.0, elevID,0,  pos,5,  cmd, goto,5
673.0,Elevator call,672.677314157026,0,-1,1,0, got allocated to elevator, 0
673.0, elevID,0,  pos,5,  cmd, goto,-1
675.0,Elev,1,  arrived at src, 6, Elevator call,660.0732907797126,6,10,2,1
675.0, elevID,1,  pos,6,  cmd, goto,0
678.0,Elevator call,677.7341948387335,0,-1,1,0, got allocated to elevator, 0
679.0,Elevator call,678.9953584914538,-1,-2,1,0, got allocated to elevator, 0
689.0,Elev,0,  arrived at src, -1, Elevator call,661.0420820268716,-1,3,2,0
689.0,Elev,0,  arrived at src, -1, Elevator call,662.1730527520776,-1,5,2,0
689.0,Elev,0,  arrived at src, -1, Elevator call,665.1155548533167,-1,8,2,0
689.0,Elev,0,  arrived at dest, -1, this call is done!, Elevator call,666.2411586665262,5,-1,3,0, Done, dt, 22.75884133347381
689.0,Elev,0,  arrived at src, -1, Elevator call,678.9953584914538,-1,-2,2,0
689.0, elevID,0,  pos,-1,  cmd, goto,-1
690.0, elevID,0,  pos,-1,  cmd, goto,-1
691.0, elevID,0,  pos,-1,  cmd, goto,-1
691.0,Elev,1,  arrived at dest, 0, this call is done!, Elevator call,619.6454196970012,9,0,3,1, Done, dt, 71.35458030299878
691.0, elevID,1,  pos,0,  cmd, goto,0
692.0, elevID,0,  pos,-1,  cmd, goto,-1
692.0, elevID,1,  pos,0,  cmd, goto,0
693.0, elevID,0,  pos,-1,  cmd, goto,-1
693.0, elevID,1,  pos,0,  cmd, goto,1
694.0, elevID,0,  pos,-1,  cmd, goto,-1
695.0, elevID,0,  pos,-1,  cmd, goto,-1
696.0,Elevator call,695.2239881566923,0,10,1,1, got allocated to elevator, 1
696.0, elevID,0,  pos,-1,  cmd, goto,-1
697.0, elevID,0,  pos,-1,  cmd, goto,-1
698.0, elevID,0,  pos,-1,  cmd, goto,0
704.0,Elev,1,  arrived at dest, 1, this call is done!, Elevator call,626.2116172047942,0,1,3,1, Done, dt, 77.78838279520585
704.0, elevID,1,  pos,1,  cmd, goto,10
707.0,Elevator call,706.1583474999188,-1,-2,1,0, got allocated to elevator, 0
709.0,Elev,0,  arrived at src, 0, Elevator call,672.677314157026,0,-1,2,0
709.0,Elev,0,  arrived at src, 0, Elevator call,677.7341948387335,0,-1,2,0
709.0, elevID,0,  pos,0,  cmd, goto,-1
711.0,Elevator call,710.3249770041223,0,1,1,0, got allocated to elevator, 0
714.0,Elevator call,713.0191971398395,1,0,1,0, got allocated to elevator, 0
714.0,Elevator call,713.2499766424826,10,-1,1,1, got allocated to elevator, 1
720.0,Elev,0,  arrived at dest, -1, this call is done!, Elevator call,672.677314157026,0,-1,3,0, Done, dt, 47.32268584297401
720.0,Elev,0,  arrived at dest, -1, this call is done!, Elevator call,677.7341948387335,0,-1,3,0, Done, dt, 42.265805161266485
720.0,Elev,0,  arrived at src, -1, Elevator call,706.1583474999188,-1,-2,2,0
720.0, elevID,0,  pos,-1,  cmd, goto,1
723.0,Elevator call,722.6161212799507,10,0,1,1, got allocated to elevator, 1
723.0,Elev,1,  arrived at dest, 10, this call is done!, Elevator call,660.0732907797126,6,10,3,1, Done, dt, 62.92670922028742
723.0,Elev,1,  arrived at src, 10, Elevator call,713.2499766424826,10,-1,2,1
723.0,Elev,1,  arrived at src, 10, Elevator call,722.6161212799507,10,0,2,1
723.0, elevID,1,  pos,10,  cmd, goto,10
724.0, elevID,1,  pos,10,  cmd, goto,10
725.0, elevID,1,  pos,10,  cmd, goto,0
728.0,Elevator call,727.514602863032,-1,0,1,0, got allocated to elevator, 0
732.0,Elev,0,  arrived at src, 1, Elevator call,713.0191971398395,1,0,2,0
732.0, elevID,0,  pos,1,  cmd, goto,-1
733.0,Elevator call,732.9746341348998,6,-1,1,1, got allocated to elevator, 1
738.0,Elevator call,737.314720213409,1,0,1,0, got allocated to elevator, 0
744.0,Elev,0,  arrived at src, -1, Elevator call,727.514602863032,-1,0,2,0
744.0, elevID,0,  pos,-1,  cmd, goto,1
745.0,Elev,1,  arrived at src, 0, Elevator call,695.2239881566923,0,10,2,1
745.0,Elev,1,  arrived at dest, 0, this call is done!, Elevator call,722.6161212799507,10,0,3,1, Done, dt, 22.383878720049324
745.0, elevID,1,  pos,0,  cmd, goto,6
756.0,Elev,0,  arrived at src, 1, Elevator call,737.314720213409,1,0,2,0
756.0, elevID,0,  pos,1,  cmd, goto,0
761.0,Elev,1,  arrived at src, 6, Elevator call,732.9746341348998,6,-1,2,1
761.0, elevID,1,  pos,6,  cmd, goto,10
767.0,Elev,0,  arrived at src, 0, Elevator call,710.3249770041223,0,1,2,0
767.0,Elev,0,  arrived at dest, 0, this call is done!, Elevator call,713.0191971398395,1,0,3,0, Done, dt, 53.98080286016045
767.0,Elev,0,  arrived at dest, 0, this call is done!, Elevator call,727.514602863032,-1,0,3,0, Done, dt, 39.485397136968004
767.0,Elev,0,  arrived at dest, 0, this call is done!, Elevator call,737.314720213409,1,0,3,0, Done, dt, 29.685279786590968
767.0, elevID,0,  pos,0,  cmd, goto,0
768.0, elevID,0,  pos,0,  cmd, goto,0
769.0, elevID,0,  pos,0,  cmd, goto,0
770.0, elevID,0,  pos,0,  cmd, goto,0
771.0, elevID,0,  pos,0,  cmd, goto,2
775.0,Elev,1,  arrived at dest, 10, this call is done!, Elevator call,695.2239881566923,0,10,3,1, Done, dt, 79.77601184330774
775.0, elevID,1,  pos,10,  cmd, goto,-1
780.0,Elevator call,779.399691386574,-1,5,1,0, got allocated to elevator, 0
783.0,Elev,0,  arrived at dest, 2, this call is done!, Elevator call,643.8547514955396,-1,2,3,0, Done, dt, 139.14524850446037
783.0, elevID,0,  pos,2,  cmd, goto,-1
796.0,Elev,0,  arrived at src, -1, Elevator call,779.399691386574,-1,5,2,0
796.0, elevID,0,  pos,-1,  cmd, goto,3
796.0,Elev,1,  arrived at dest, -1, this call is done!, Elevator call,713.2499766424826,10,-1,3,1, Done, dt, 82.75002335751742
796.0,Elev,1,  arrived at dest, -1, this call is done!, Elevator call,732.9746341348998,6,-1,3,1, Done, dt, 63.025365865100184
796.0, elevID,1,  pos,-1,  cmd, goto,0
806.0,Elevator call,805.6754743307536,-1,-2,1,1, got allocated to elevator, 1
807.0, elevID,1,  pos,0,  cmd, goto,-1
810.0,Elev,0,  arrived at dest, 3, this call is done!, Elevator call,581.8703090238192,0,3,3,0, Done, dt, 228.12969097618077
810.0,Elev,0,  arrived at dest, 3, this call is done!, Elevator call,617.9628338542149,0,3,3,0, Done, dt, 192.03716614578514
810.0,Elev,0,  arrived at dest, 3, this call is done!, Elevator call,661.0420820268716,-1,3,3,0, Done, dt, 148.95791797312836
810.0, elevID,0,  pos,3,  cmd, goto,3
811.0,Elevator call,810.4469089359914,2,0,1,0, got allocated to elevator, 0
811.0, elevID,0,  pos,3,  cmd, goto,-2
817.0,Elevator call,816.1516998390152,7,-1,1,0, got allocated to elevator, 0
818.0,Elev,1,  arrived at src, -1, Elevator call,805.6754743307536,-1,-2,2,1
818.0, elevID,1,  pos,-1,  cmd, goto,-1
819.0, elevID,1,  pos,-1,  cmd, goto,-2
826.0,Elevator call,825.4575184586336,7,0,1,0, got allocated to elevator, 0
826.0,Elev,0,  arrived at dest, -2, this call is done!, Elevator call,678.9953584914538,-1,-2,3,0, Done, dt, 147.00464150854623
826.0,Elev,0,  arrived at dest, -2, this call is done!, Elevator call,706.1583474999188,-1,-2,3,0, Done, dt, 119.84165250008118
826.0, elevID,0,  pos,-2,  cmd, goto,7
830.0,Elev,1,  arrived at dest, -2, this call is done!, Elevator call,805.6754743307536,-1,-2,3,1, Done, dt, 24.32452566924644
840.0,Elevator call,839.8525652620532,0,1,1,1, got allocated to elevator, 1
840.0, elevID,1,  pos,-2,  cmd, goto,0
845.0,Elev,0,  arrived at src, 7, Elevator call,816.1516998390152,7,-1,2,0
845.0,Elev,0,  arrived at src, 7, Elevator call,825.4575184586336,7,0,2,0
845.0, elevID,0,  pos,7,  cmd, goto,7
846.0, elevID,0,  pos,7,  cmd, goto,-2
852.0,Elev,1,  arrived at src, 0, Elevator call,839.8525652620532,0,1,2,1
852.0, elevID,1,  pos,0,  cmd, goto,1
855.0,Elevator call,854.2002278085795,6,-1,1,0, got allocated to elevator, 0
863.0,Elev,1,  arrived at dest, 1, this call is done!, Elevator call,839.8525652620532,0,1,3,1, Done, dt, 23.14743473794681
864.0,Elevator call,863.893291272948,0,-1,1,1, got allocated to elevator, 1
864.0, elevID,1,  pos,1,  cmd, goto,0
865.0, elevID,0,  pos,-2,  cmd, goto,6
871.0,Elevator call,870.5053023797483,0,7,1,1, got allocated to elevator, 1
875.0,Elev,1,  arrived at src, 0, Elevator call,863.893291272948,0,-1,2,1
875.0,Elev,1,  arrived at src, 0, Elevator call,870.5053023797483,0,7,2,1
875.0, elevID,1,  pos,0,  cmd, goto,0
876.0, elevID,1,  pos,0,  cmd, goto,-1
883.0,Elev,0,  arrived at src, 6, Elevator call,854.2002278085795,6,-1,2,0
883.0, elevID,0,  pos,6,  cmd, goto,-1
887.0,Elevator call,886.5649993239458,-1,-2,1,1, got allocated to elevator, 1
887.0,Elev,1,  arrived at dest, -1, this call is done!, Elevator call,863.893291272948,0,-1,3,1, Done, dt, 23.106708727052023
887.0,Elev,1,  arrived at src, -1, Elevator call,886.5649993239458,-1,-2,2,1
887.0, elevID,1,  pos,-1,  cmd, goto,-1
888.0, elevID,1,  pos,-1,  cmd, goto,7
893.0,Elevator call,892.5212150591021,9,-1,1,0, got allocated to elevator, 0
900.0,Elev,0,  arrived at dest, -1, this call is done!, Elevator call,816.1516998390152,7,-1,3,0, Done, dt, 83.84830016098476
900.0,Elev,0,  arrived at dest, -1, this call is done!, Elevator call,854.2002278085795,6,-1,3,0, Done, dt, 45.799772191420516
900.0, elevID,0,  pos,-1,  cmd, goto,9
906.0,Elev,1,  arrived at dest, 7, this call is done!, Elevator call,870.5053023797483,0,7,3,1, Done, dt, 35.49469762025171
906.0, elevID,1,  pos,7,  cmd, goto,-2
911.0,Elevator call,910.5388559417848,6,5,1,1, got allocated to elevator, 1
916.0,Elevator call,915.9490574608818,4,-1,1,1, got allocated to elevator, 1
920.0,Elev,0,  arrived at src, 9, Elevator call,892.5212150591021,9,-1,2,0
920.0, elevID,0,  pos,9,  cmd, goto,0
925.0,Elev,1,  arrived at dest, -2, this call is done!, Elevator call,886.5649993239458,-1,-2,3,1, Done, dt, 38.43500067605419
925.0, elevID,1,  pos,-2,  cmd, goto,4
934.0,Elevator call,933.8580452488764,7,5,1,1, got allocated to elevator, 1
939.0,Elev,0,  arrived at dest, 0, this call is done!, Elevator call,825.4575184586336,7,0,3,0, Done, dt, 113.54248154136644
939.0, elevID,0,  pos,0,  cmd, goto,0
940.0, elevID,0,  pos,0,  cmd, goto,0
941.0, elevID,0,  pos,0,  cmd, goto,1
941.0,Elev,1,  arrived at src, 4, Elevator call,915.9490574608818,4,-1,2,1
941.0, elevID,1,  pos,4,  cmd, goto,7
952.0,Elev,0,  arrived at dest, 1, this call is done!, Elevator call,710.3249770041223,0,1,3,0, Done, dt, 241.67502299587773
952.0, elevID,0,  pos,1,  cmd, goto,2
954.0,Elev,1,  arrived at src, 7, Elevator call,933.8580452488764,7,5,2,1
954.0, elevID,1,  pos,7,  cmd, goto,6
962.0,Elevator call,961.6862855708133,6,-1,1,1, got allocated to elevator, 1
963.0,Elev,0,  arrived at src, 2, Elevator call,810.4469089359914,2,0,2,0
963.0, elevID,0,  pos,2,  cmd, goto,3
965.0,Elev,1,  arrived at src, 6, Elevator call,910.5388559417848,6,5,2,1
965.0,Elev,1,  arrived at src, 6, Elevator call,961.6862855708133,6,-1,2,1
965.0, elevID,1,  pos,6,  cmd, goto,6
966.0, elevID,1,  pos,6,  cmd, goto,5
973.0,Elevator call,972.8032126022729,1,0,1,0, got allocated to elevator, 0
974.0, elevID,0,  pos,3,  cmd, goto,1
976.0,Elevator call,975.8361202753667,0,-1,1,1, got allocated to elevator, 1
977.0,Elev,1,  arrived at dest, 5, this call is done!, Elevator call,910.5388559417848,6,5,3,1, Done, dt, 66.46114405821515
977.0,Elev,1,  arrived at dest, 5, this call is done!, Elevator call,933.8580452488764,7,5,3,1, Done, dt, 43.14195475112365
977.0, elevID,1,  pos,5,  cmd, goto,-1
979.0,Elevator call,978.5925148564796,10,0,1,1, got allocated to elevator, 1
979.0,Elevator call,978.6210500641439,10,-1,1,1, got allocated to elevator, 1
985.0,Elevator call,984.1840185574983,7,0,1,1, got allocated to elevator, 1
986.0,Elev,0,  arrived at src, 1, Elevator call,972.8032126022729,1,0,2,0
986.0, elevID,0,  pos,1,  cmd, goto,4
993.0,Elev,1,  arrived at dest, -1, this call is done!, Elevator call,915.9490574608818,4,-1,3,1, Done, dt, 77.05094253911818
993.0,Elev,1,  arrived at dest, -1, this call is done!, Elevator call,961.6862855708133,6,-1,3,1, Done, dt, 31.31371442918669
993.0, elevID,1,  pos,-1,  cmd, goto,7
999.0,Elev,0,  arrived at src, 4, Elevator call,666.0340294605869,4,0,2,0
999.0, elevID,0,  pos,4,  cmd, goto,5
1000.0,************* Simulation Ended ************
Code Owners,209161447,207810458,  Case,2,  Total waiting time: 8831.792822120187,  average waiting time per call: 88.31792822120187,  unCompleted calls,12,  certificate, -3018153803
